-------------------------------------------------------------------
Date: 7/2/2013 -- 15:29:17 (uptime: 0d, 00h 00m 28s)
-------------------------------------------------------------------
Counter                   | TM Name                   | Value
-------------------------------------------------------------------
capture.kernel_packets    | AFPacketeth31             | 2511127
capture.kernel_drops      | AFPacketeth31             | 1010959
decoder.pkts              | AFPacketeth31             | 1200080
decoder.bytes             | AFPacketeth31             | 899752595
decoder.ipv4              | AFPacketeth31             | 1193749
decoder.ipv6              | AFPacketeth31             | 58849
decoder.ethernet          | AFPacketeth31             | 1200080
decoder.raw               | AFPacketeth31             | 0
decoder.sll               | AFPacketeth31             | 0
decoder.tcp               | AFPacketeth31             | 510461
decoder.udp               | AFPacketeth31             | 708176
decoder.sctp              | AFPacketeth31             | 0
decoder.icmpv4            | AFPacketeth31             | 5252
decoder.icmpv6            | AFPacketeth31             | 1703
decoder.ppp               | AFPacketeth31             | 295
decoder.pppoe             | AFPacketeth31             | 0
decoder.gre               | AFPacketeth31             | 391
decoder.vlan              | AFPacketeth31             | 0
decoder.teredo            | AFPacketeth31             | 55071
decoder.ipv4_in_ipv6      | AFPacketeth31             | 0
decoder.ipv6_in_ipv6      | AFPacketeth31             | 0
decoder.avg_pkt_size      | AFPacketeth31             | 750
decoder.max_pkt_size      | AFPacketeth31             | 1514
defrag.ipv4.fragments     | AFPacketeth31             | 11247
defrag.ipv4.reassembled   | AFPacketeth31             | 1971
defrag.ipv4.timeouts      | AFPacketeth31             | 0
defrag.ipv6.fragments     | AFPacketeth31             | 1505
defrag.ipv6.reassembled   | AFPacketeth31             | 398
defrag.ipv6.timeouts      | AFPacketeth31             | 0
defrag.max_frag_hits      | AFPacketeth31             | 0
tcp.sessions              | AFPacketeth31             | 26746
tcp.ssn_memcap_drop       | AFPacketeth31             | 0
tcp.pseudo                | AFPacketeth31             | 326
tcp.invalid_checksum      | AFPacketeth31             | 0
tcp.no_flow               | AFPacketeth31             | 0
tcp.reused_ssn            | AFPacketeth31             | 13
tcp.memuse                | AFPacketeth31             | 44934768
tcp.syn                   | AFPacketeth31             | 19095
tcp.synack                | AFPacketeth31             | 6594
tcp.rst                   | AFPacketeth31             | 4469
tcp.segment_memcap_drop   | AFPacketeth31             | 133554
tcp.stream_depth_reached  | AFPacketeth31             | 0
tcp.reassembly_memuse     | AFPacketeth31             | 17179918620
tcp.reassembly_gap        | AFPacketeth31             | 150
detect.alert              | AFPacketeth31             | 42
capture.kernel_packets    | AFPacketeth32             | 2443987
capture.kernel_drops      | AFPacketeth32             | 943825
decoder.pkts              | AFPacketeth32             | 1200080
decoder.bytes             | AFPacketeth32             | 959563427
decoder.ipv4              | AFPacketeth32             | 1201101
decoder.ipv6              | AFPacketeth32             | 59057
decoder.ethernet          | AFPacketeth32             | 1200080
decoder.raw               | AFPacketeth32             | 0
decoder.sll               | AFPacketeth32             | 0
decoder.tcp               | AFPacketeth32             | 499295
decoder.udp               | AFPacketeth32             | 736797
decoder.sctp              | AFPacketeth32             | 0
decoder.icmpv4            | AFPacketeth32             | 4981
decoder.icmpv6            | AFPacketeth32             | 1481
decoder.ppp               | AFPacketeth32             | 516
decoder.pppoe             | AFPacketeth32             | 0
decoder.gre               | AFPacketeth32             | 685
decoder.vlan              | AFPacketeth32             | 0
decoder.teredo            | AFPacketeth32             | 57777
decoder.ipv4_in_ipv6      | AFPacketeth32             | 0
decoder.ipv6_in_ipv6      | AFPacketeth32             | 0
decoder.avg_pkt_size      | AFPacketeth32             | 800
decoder.max_pkt_size      | AFPacketeth32             | 1514
defrag.ipv4.fragments     | AFPacketeth32             | 6653
defrag.ipv4.reassembled   | AFPacketeth32             | 1179
defrag.ipv4.timeouts      | AFPacketeth32             | 0
defrag.ipv6.fragments     | AFPacketeth32             | 939
defrag.ipv6.reassembled   | AFPacketeth32             | 232
defrag.ipv6.timeouts      | AFPacketeth32             | 0
defrag.max_frag_hits      | AFPacketeth32             | 0
tcp.sessions              | AFPacketeth32             | 22957
tcp.ssn_memcap_drop       | AFPacketeth32             | 0
tcp.pseudo                | AFPacketeth32             | 309
tcp.invalid_checksum      | AFPacketeth32             | 0
tcp.no_flow               | AFPacketeth32             | 0
tcp.reused_ssn            | AFPacketeth32             | 4
tcp.memuse                | AFPacketeth32             | 45412048
tcp.syn                   | AFPacketeth32             | 17438
tcp.synack                | AFPacketeth32             | 6213
tcp.rst                   | AFPacketeth32             | 4056
tcp.segment_memcap_drop   | AFPacketeth32             | 144073
tcp.stream_depth_reached  | AFPacketeth32             | 0
tcp.reassembly_memuse     | AFPacketeth32             | 17179875091
tcp.reassembly_gap        | AFPacketeth32             | 91
detect.alert              | AFPacketeth32             | 29
capture.kernel_packets    | AFPacketeth33             | 2033390
capture.kernel_drops      | AFPacketeth33             | 533207
decoder.pkts              | AFPacketeth33             | 1200080
decoder.bytes             | AFPacketeth33             | 929317563
decoder.ipv4              | AFPacketeth33             | 1202744
decoder.ipv6              | AFPacketeth33             | 59378
decoder.ethernet          | AFPacketeth33             | 1200080
decoder.raw               | AFPacketeth33             | 0
decoder.sll               | AFPacketeth33             | 0
decoder.tcp               | AFPacketeth33             | 497799
decoder.udp               | AFPacketeth33             | 737926
decoder.sctp              | AFPacketeth33             | 0
decoder.icmpv4            | AFPacketeth33             | 5277
decoder.icmpv6            | AFPacketeth33             | 1706
decoder.ppp               | AFPacketeth33             | 289
decoder.pppoe             | AFPacketeth33             | 0
decoder.gre               | AFPacketeth33             | 2133
decoder.vlan              | AFPacketeth33             | 0
decoder.teredo            | AFPacketeth33             | 58348
decoder.ipv4_in_ipv6      | AFPacketeth33             | 0
decoder.ipv6_in_ipv6      | AFPacketeth33             | 0
decoder.avg_pkt_size      | AFPacketeth33             | 774
decoder.max_pkt_size      | AFPacketeth33             | 1514
defrag.ipv4.fragments     | AFPacketeth33             | 6345
defrag.ipv4.reassembled   | AFPacketeth33             | 1033
defrag.ipv4.timeouts      | AFPacketeth33             | 0
defrag.ipv6.fragments     | AFPacketeth33             | 870
defrag.ipv6.reassembled   | AFPacketeth33             | 226
defrag.ipv6.timeouts      | AFPacketeth33             | 0
defrag.max_frag_hits      | AFPacketeth33             | 0
tcp.sessions              | AFPacketeth33             | 25171
tcp.ssn_memcap_drop       | AFPacketeth33             | 0
tcp.pseudo                | AFPacketeth33             | 291
tcp.invalid_checksum      | AFPacketeth33             | 0
tcp.no_flow               | AFPacketeth33             | 0
tcp.reused_ssn            | AFPacketeth33             | 11
tcp.memuse                | AFPacketeth33             | 44747872
tcp.syn                   | AFPacketeth33             | 18322
tcp.synack                | AFPacketeth33             | 6670
tcp.rst                   | AFPacketeth33             | 4442
tcp.segment_memcap_drop   | AFPacketeth33             | 157950
tcp.stream_depth_reached  | AFPacketeth33             | 0
tcp.reassembly_memuse     | AFPacketeth33             | 17179918620
tcp.reassembly_gap        | AFPacketeth33             | 109
detect.alert              | AFPacketeth33             | 32
capture.kernel_packets    | AFPacketeth34             | 2073483
capture.kernel_drops      | AFPacketeth34             | 573298
decoder.pkts              | AFPacketeth34             | 1200080
decoder.bytes             | AFPacketeth34             | 941574054
decoder.ipv4              | AFPacketeth34             | 1202044
decoder.ipv6              | AFPacketeth34             | 52019
decoder.ethernet          | AFPacketeth34             | 1200080
decoder.raw               | AFPacketeth34             | 0
decoder.sll               | AFPacketeth34             | 0
decoder.tcp               | AFPacketeth34             | 500474
decoder.udp               | AFPacketeth34             | 724363
decoder.sctp              | AFPacketeth34             | 0
decoder.icmpv4            | AFPacketeth34             | 5122
decoder.icmpv6            | AFPacketeth34             | 1630
decoder.ppp               | AFPacketeth34             | 115
decoder.pppoe             | AFPacketeth34             | 0
decoder.gre               | AFPacketeth34             | 855
decoder.vlan              | AFPacketeth34             | 0
decoder.teredo            | AFPacketeth34             | 49508
decoder.ipv4_in_ipv6      | AFPacketeth34             | 0
decoder.ipv6_in_ipv6      | AFPacketeth34             | 0
decoder.avg_pkt_size      | AFPacketeth34             | 785
decoder.max_pkt_size      | AFPacketeth34             | 1514
defrag.ipv4.fragments     | AFPacketeth34             | 8379
defrag.ipv4.reassembled   | AFPacketeth34             | 1525
defrag.ipv4.timeouts      | AFPacketeth34             | 0
defrag.ipv6.fragments     | AFPacketeth34             | 1232
defrag.ipv6.reassembled   | AFPacketeth34             | 331
defrag.ipv6.timeouts      | AFPacketeth34             | 0
defrag.max_frag_hits      | AFPacketeth34             | 0
tcp.sessions              | AFPacketeth34             | 24356
tcp.ssn_memcap_drop       | AFPacketeth34             | 0
tcp.pseudo                | AFPacketeth34             | 267
tcp.invalid_checksum      | AFPacketeth34             | 0
tcp.no_flow               | AFPacketeth34             | 0
tcp.reused_ssn            | AFPacketeth34             | 8
tcp.memuse                | AFPacketeth34             | 44815584
tcp.syn                   | AFPacketeth34             | 17781
tcp.synack                | AFPacketeth34             | 6410
tcp.rst                   | AFPacketeth34             | 4166
tcp.segment_memcap_drop   | AFPacketeth34             | 128660
tcp.stream_depth_reached  | AFPacketeth34             | 0
tcp.reassembly_memuse     | AFPacketeth34             | 17179918620
tcp.reassembly_gap        | AFPacketeth34             | 101
detect.alert              | AFPacketeth34             | 19
capture.kernel_packets    | AFPacketeth35             | 2016532
capture.kernel_drops      | AFPacketeth35             | 516438
decoder.pkts              | AFPacketeth35             | 1200080
decoder.bytes             | AFPacketeth35             | 961599636
decoder.ipv4              | AFPacketeth35             | 1201381
decoder.ipv6              | AFPacketeth35             | 53642
decoder.ethernet          | AFPacketeth35             | 1200080
decoder.raw               | AFPacketeth35             | 0
decoder.sll               | AFPacketeth35             | 0
decoder.tcp               | AFPacketeth35             | 523666
decoder.udp               | AFPacketeth35             | 708655
decoder.sctp              | AFPacketeth35             | 0
decoder.icmpv4            | AFPacketeth35             | 5441
decoder.icmpv6            | AFPacketeth35             | 1521
decoder.ppp               | AFPacketeth35             | 1641
decoder.pppoe             | AFPacketeth35             | 0
decoder.gre               | AFPacketeth35             | 2146
decoder.vlan              | AFPacketeth35             | 0
decoder.teredo            | AFPacketeth35             | 52785
decoder.ipv4_in_ipv6      | AFPacketeth35             | 0
decoder.ipv6_in_ipv6      | AFPacketeth35             | 0
decoder.avg_pkt_size      | AFPacketeth35             | 801
decoder.max_pkt_size      | AFPacketeth35             | 1514
defrag.ipv4.fragments     | AFPacketeth35             | 5084
defrag.ipv4.reassembled   | AFPacketeth35             | 979
defrag.ipv4.timeouts      | AFPacketeth35             | 0
defrag.ipv6.fragments     | AFPacketeth35             | 903
defrag.ipv6.reassembled   | AFPacketeth35             | 249
defrag.ipv6.timeouts      | AFPacketeth35             | 0
defrag.max_frag_hits      | AFPacketeth35             | 0
tcp.sessions              | AFPacketeth35             | 21928
tcp.ssn_memcap_drop       | AFPacketeth35             | 0
tcp.pseudo                | AFPacketeth35             | 336
tcp.invalid_checksum      | AFPacketeth35             | 0
tcp.no_flow               | AFPacketeth35             | 0
tcp.reused_ssn            | AFPacketeth35             | 5
tcp.memuse                | AFPacketeth35             | 46971872
tcp.syn                   | AFPacketeth35             | 18202
tcp.synack                | AFPacketeth35             | 6568
tcp.rst                   | AFPacketeth35             | 4485
tcp.segment_memcap_drop   | AFPacketeth35             | 164868
tcp.stream_depth_reached  | AFPacketeth35             | 0
tcp.reassembly_memuse     | AFPacketeth35             | 17179919069
tcp.reassembly_gap        | AFPacketeth35             | 101
detect.alert              | AFPacketeth35             | 36
capture.kernel_packets    | AFPacketeth36             | 1965800
capture.kernel_drops      | AFPacketeth36             | 466614
decoder.pkts              | AFPacketeth36             | 1200080
decoder.bytes             | AFPacketeth36             | 938783306
decoder.ipv4              | AFPacketeth36             | 1201362
decoder.ipv6              | AFPacketeth36             | 41538
decoder.ethernet          | AFPacketeth36             | 1200080
decoder.raw               | AFPacketeth36             | 0
decoder.sll               | AFPacketeth36             | 0
decoder.tcp               | AFPacketeth36             | 540732
decoder.udp               | AFPacketeth36             | 675588
decoder.sctp              | AFPacketeth36             | 0
decoder.icmpv4            | AFPacketeth36             | 5084
decoder.icmpv6            | AFPacketeth36             | 1622
decoder.ppp               | AFPacketeth36             | 671
decoder.pppoe             | AFPacketeth36             | 0
decoder.gre               | AFPacketeth36             | 689
decoder.vlan              | AFPacketeth36             | 0
decoder.teredo            | AFPacketeth36             | 39653
decoder.ipv4_in_ipv6      | AFPacketeth36             | 0
decoder.ipv6_in_ipv6      | AFPacketeth36             | 0
decoder.avg_pkt_size      | AFPacketeth36             | 782
decoder.max_pkt_size      | AFPacketeth36             | 1514
defrag.ipv4.fragments     | AFPacketeth36             | 7531
defrag.ipv4.reassembled   | AFPacketeth36             | 1541
defrag.ipv4.timeouts      | AFPacketeth36             | 0
defrag.ipv6.fragments     | AFPacketeth36             | 1657
defrag.ipv6.reassembled   | AFPacketeth36             | 441
defrag.ipv6.timeouts      | AFPacketeth36             | 0
defrag.max_frag_hits      | AFPacketeth36             | 0
tcp.sessions              | AFPacketeth36             | 21548
tcp.ssn_memcap_drop       | AFPacketeth36             | 0
tcp.pseudo                | AFPacketeth36             | 313
tcp.invalid_checksum      | AFPacketeth36             | 0
tcp.no_flow               | AFPacketeth36             | 0
tcp.reused_ssn            | AFPacketeth36             | 12
tcp.memuse                | AFPacketeth36             | 47136160
tcp.syn                   | AFPacketeth36             | 17836
tcp.synack                | AFPacketeth36             | 6229
tcp.rst                   | AFPacketeth36             | 4598
tcp.segment_memcap_drop   | AFPacketeth36             | 187358
tcp.stream_depth_reached  | AFPacketeth36             | 0
tcp.reassembly_memuse     | AFPacketeth36             | 17179919069
tcp.reassembly_gap        | AFPacketeth36             | 111
detect.alert              | AFPacketeth36             | 16
capture.kernel_packets    | AFPacketeth37             | 1787280
capture.kernel_drops      | AFPacketeth37             | 287311
decoder.pkts              | AFPacketeth37             | 1200080
decoder.bytes             | AFPacketeth37             | 909680975
decoder.ipv4              | AFPacketeth37             | 1201130
decoder.ipv6              | AFPacketeth37             | 50394
decoder.ethernet          | AFPacketeth37             | 1200080
decoder.raw               | AFPacketeth37             | 0
decoder.sll               | AFPacketeth37             | 0
decoder.tcp               | AFPacketeth37             | 498232
decoder.udp               | AFPacketeth37             | 733843
decoder.sctp              | AFPacketeth37             | 0
decoder.icmpv4            | AFPacketeth37             | 5211
decoder.icmpv6            | AFPacketeth37             | 1672
decoder.ppp               | AFPacketeth37             | 115
decoder.pppoe             | AFPacketeth37             | 0
decoder.gre               | AFPacketeth37             | 376
decoder.vlan              | AFPacketeth37             | 0
decoder.teredo            | AFPacketeth37             | 48640
decoder.ipv4_in_ipv6      | AFPacketeth37             | 0
decoder.ipv6_in_ipv6      | AFPacketeth37             | 0
decoder.avg_pkt_size      | AFPacketeth37             | 758
decoder.max_pkt_size      | AFPacketeth37             | 1514
defrag.ipv4.fragments     | AFPacketeth37             | 5865
defrag.ipv4.reassembled   | AFPacketeth37             | 1055
defrag.ipv4.timeouts      | AFPacketeth37             | 0
defrag.ipv6.fragments     | AFPacketeth37             | 527
defrag.ipv6.reassembled   | AFPacketeth37             | 158
defrag.ipv6.timeouts      | AFPacketeth37             | 0
defrag.max_frag_hits      | AFPacketeth37             | 0
tcp.sessions              | AFPacketeth37             | 23645
tcp.ssn_memcap_drop       | AFPacketeth37             | 0
tcp.pseudo                | AFPacketeth37             | 271
tcp.invalid_checksum      | AFPacketeth37             | 0
tcp.no_flow               | AFPacketeth37             | 0
tcp.reused_ssn            | AFPacketeth37             | 16
tcp.memuse                | AFPacketeth37             | 45045472
tcp.syn                   | AFPacketeth37             | 18362
tcp.synack                | AFPacketeth37             | 6557
tcp.rst                   | AFPacketeth37             | 4576
tcp.segment_memcap_drop   | AFPacketeth37             | 166020
tcp.stream_depth_reached  | AFPacketeth37             | 0
tcp.reassembly_memuse     | AFPacketeth37             | 17179918620
tcp.reassembly_gap        | AFPacketeth37             | 83
detect.alert              | AFPacketeth37             | 20
capture.kernel_packets    | AFPacketeth38             | 1867159
capture.kernel_drops      | AFPacketeth38             | 366983
decoder.pkts              | AFPacketeth38             | 1200080
decoder.bytes             | AFPacketeth38             | 929517258
decoder.ipv4              | AFPacketeth38             | 1203649
decoder.ipv6              | AFPacketeth38             | 54165
decoder.ethernet          | AFPacketeth38             | 1200080
decoder.raw               | AFPacketeth38             | 0
decoder.sll               | AFPacketeth38             | 0
decoder.tcp               | AFPacketeth38             | 505878
decoder.udp               | AFPacketeth38             | 718984
decoder.sctp              | AFPacketeth38             | 0
decoder.icmpv4            | AFPacketeth38             | 4937
decoder.icmpv6            | AFPacketeth38             | 1588
decoder.ppp               | AFPacketeth38             | 128
decoder.pppoe             | AFPacketeth38             | 0
decoder.gre               | AFPacketeth38             | 1801
decoder.vlan              | AFPacketeth38             | 0
decoder.teredo            | AFPacketeth38             | 53112
decoder.ipv4_in_ipv6      | AFPacketeth38             | 0
decoder.ipv6_in_ipv6      | AFPacketeth38             | 0
decoder.avg_pkt_size      | AFPacketeth38             | 775
decoder.max_pkt_size      | AFPacketeth38             | 1514
defrag.ipv4.fragments     | AFPacketeth38             | 10759
defrag.ipv4.reassembled   | AFPacketeth38             | 2291
defrag.ipv4.timeouts      | AFPacketeth38             | 0
defrag.ipv6.fragments     | AFPacketeth38             | 1033
defrag.ipv6.reassembled   | AFPacketeth38             | 313
defrag.ipv6.timeouts      | AFPacketeth38             | 0
defrag.max_frag_hits      | AFPacketeth38             | 0
tcp.sessions              | AFPacketeth38             | 21888
tcp.ssn_memcap_drop       | AFPacketeth38             | 0
tcp.pseudo                | AFPacketeth38             | 289
tcp.invalid_checksum      | AFPacketeth38             | 0
tcp.no_flow               | AFPacketeth38             | 0
tcp.reused_ssn            | AFPacketeth38             | 19
tcp.memuse                | AFPacketeth38             | 47121120
tcp.syn                   | AFPacketeth38             | 17583
tcp.synack                | AFPacketeth38             | 6475
tcp.rst                   | AFPacketeth38             | 4221
tcp.segment_memcap_drop   | AFPacketeth38             | 160305
tcp.stream_depth_reached  | AFPacketeth38             | 0
tcp.reassembly_memuse     | AFPacketeth38             | 17179919069
tcp.reassembly_gap        | AFPacketeth38             | 102
detect.alert              | AFPacketeth38             | 40
capture.kernel_packets    | AFPacketeth39             | 1972239
capture.kernel_drops      | AFPacketeth39             | 472055
decoder.pkts              | AFPacketeth39             | 1200080
decoder.bytes             | AFPacketeth39             | 988618093
decoder.ipv4              | AFPacketeth39             | 1201643
decoder.ipv6              | AFPacketeth39             | 51488
decoder.ethernet          | AFPacketeth39             | 1200080
decoder.raw               | AFPacketeth39             | 0
decoder.sll               | AFPacketeth39             | 0
decoder.tcp               | AFPacketeth39             | 501207
decoder.udp               | AFPacketeth39             | 723229
decoder.sctp              | AFPacketeth39             | 0
decoder.icmpv4            | AFPacketeth39             | 4620
decoder.icmpv6            | AFPacketeth39             | 2429
decoder.ppp               | AFPacketeth39             | 121
decoder.pppoe             | AFPacketeth39             | 0
decoder.gre               | AFPacketeth39             | 163
decoder.vlan              | AFPacketeth39             | 0
decoder.teredo            | AFPacketeth39             | 49358
decoder.ipv4_in_ipv6      | AFPacketeth39             | 0
decoder.ipv6_in_ipv6      | AFPacketeth39             | 0
decoder.avg_pkt_size      | AFPacketeth39             | 824
decoder.max_pkt_size      | AFPacketeth39             | 1514
defrag.ipv4.fragments     | AFPacketeth39             | 8256
defrag.ipv4.reassembled   | AFPacketeth39             | 1779
defrag.ipv4.timeouts      | AFPacketeth39             | 0
defrag.ipv6.fragments     | AFPacketeth39             | 2584
defrag.ipv6.reassembled   | AFPacketeth39             | 750
defrag.ipv6.timeouts      | AFPacketeth39             | 0
defrag.max_frag_hits      | AFPacketeth39             | 0
tcp.sessions              | AFPacketeth39             | 21435
tcp.ssn_memcap_drop       | AFPacketeth39             | 0
tcp.pseudo                | AFPacketeth39             | 223
tcp.invalid_checksum      | AFPacketeth39             | 0
tcp.no_flow               | AFPacketeth39             | 0
tcp.reused_ssn            | AFPacketeth39             | 8
tcp.memuse                | AFPacketeth39             | 47304560
tcp.syn                   | AFPacketeth39             | 16554
tcp.synack                | AFPacketeth39             | 5863
tcp.rst                   | AFPacketeth39             | 3921
tcp.segment_memcap_drop   | AFPacketeth39             | 175035
tcp.stream_depth_reached  | AFPacketeth39             | 0
tcp.reassembly_memuse     | AFPacketeth39             | 17179919069
tcp.reassembly_gap        | AFPacketeth39             | 82
detect.alert              | AFPacketeth39             | 12
capture.kernel_packets    | AFPacketeth310            | 1645272
capture.kernel_drops      | AFPacketeth310            | 445282
decoder.pkts              | AFPacketeth310            | 900060
decoder.bytes             | AFPacketeth310            | 750410784
decoder.ipv4              | AFPacketeth310            | 900929
decoder.ipv6              | AFPacketeth310            | 44626
decoder.ethernet          | AFPacketeth310            | 900060
decoder.raw               | AFPacketeth310            | 0
decoder.sll               | AFPacketeth310            | 0
decoder.tcp               | AFPacketeth310            | 398463
decoder.udp               | AFPacketeth310            | 531229
decoder.sctp              | AFPacketeth310            | 0
decoder.icmpv4            | AFPacketeth310            | 3827
decoder.icmpv6            | AFPacketeth310            | 1265
decoder.ppp               | AFPacketeth310            | 59
decoder.pppoe             | AFPacketeth310            | 0
decoder.gre               | AFPacketeth310            | 74
decoder.vlan              | AFPacketeth310            | 0
decoder.teredo            | AFPacketeth310            | 44017
decoder.ipv4_in_ipv6      | AFPacketeth310            | 0
decoder.ipv6_in_ipv6      | AFPacketeth310            | 0
decoder.avg_pkt_size      | AFPacketeth310            | 834
decoder.max_pkt_size      | AFPacketeth310            | 1514
defrag.ipv4.fragments     | AFPacketeth310            | 5189
defrag.ipv4.reassembled   | AFPacketeth310            | 1118
defrag.ipv4.timeouts      | AFPacketeth310            | 0
defrag.ipv6.fragments     | AFPacketeth310            | 349
defrag.ipv6.reassembled   | AFPacketeth310            | 108
defrag.ipv6.timeouts      | AFPacketeth310            | 0
defrag.max_frag_hits      | AFPacketeth310            | 0
tcp.sessions              | AFPacketeth310            | 15966
tcp.ssn_memcap_drop       | AFPacketeth310            | 0
tcp.pseudo                | AFPacketeth310            | 250
tcp.invalid_checksum      | AFPacketeth310            | 0
tcp.no_flow               | AFPacketeth310            | 0
tcp.reused_ssn            | AFPacketeth310            | 1
tcp.memuse                | AFPacketeth310            | 42414816
tcp.syn                   | AFPacketeth310            | 13619
tcp.synack                | AFPacketeth310            | 4819
tcp.rst                   | AFPacketeth310            | 3113
tcp.segment_memcap_drop   | AFPacketeth310            | 118963
tcp.stream_depth_reached  | AFPacketeth310            | 0
tcp.reassembly_memuse     | AFPacketeth310            | 17179886925
tcp.reassembly_gap        | AFPacketeth310            | 85
detect.alert              | AFPacketeth310            | 17
capture.kernel_packets    | AFPacketeth311            | 1861181
capture.kernel_drops      | AFPacketeth311            | 361038
decoder.pkts              | AFPacketeth311            | 1200080
decoder.bytes             | AFPacketeth311            | 971425227
decoder.ipv4              | AFPacketeth311            | 1201842
decoder.ipv6              | AFPacketeth311            | 64593
decoder.ethernet          | AFPacketeth311            | 1200080
decoder.raw               | AFPacketeth311            | 0
decoder.sll               | AFPacketeth311            | 0
decoder.tcp               | AFPacketeth311            | 500547
decoder.udp               | AFPacketeth311            | 742986
decoder.sctp              | AFPacketeth311            | 0
decoder.icmpv4            | AFPacketeth311            | 4891
decoder.icmpv6            | AFPacketeth311            | 1650
decoder.ppp               | AFPacketeth311            | 771
decoder.pppoe             | AFPacketeth311            | 0
decoder.gre               | AFPacketeth311            | 877
decoder.vlan              | AFPacketeth311            | 0
decoder.teredo            | AFPacketeth311            | 62564
decoder.ipv4_in_ipv6      | AFPacketeth311            | 0
decoder.ipv6_in_ipv6      | AFPacketeth311            | 0
decoder.avg_pkt_size      | AFPacketeth311            | 809
decoder.max_pkt_size      | AFPacketeth311            | 1514
defrag.ipv4.fragments     | AFPacketeth311            | 6908
defrag.ipv4.reassembled   | AFPacketeth311            | 1324
defrag.ipv4.timeouts      | AFPacketeth311            | 0
defrag.ipv6.fragments     | AFPacketeth311            | 2912
defrag.ipv6.reassembled   | AFPacketeth311            | 709
defrag.ipv6.timeouts      | AFPacketeth311            | 0
defrag.max_frag_hits      | AFPacketeth311            | 0
tcp.sessions              | AFPacketeth311            | 21558
tcp.ssn_memcap_drop       | AFPacketeth311            | 0
tcp.pseudo                | AFPacketeth311            | 340
tcp.invalid_checksum      | AFPacketeth311            | 0
tcp.no_flow               | AFPacketeth311            | 0
tcp.reused_ssn            | AFPacketeth311            | 5
tcp.memuse                | AFPacketeth311            | 47299632
tcp.syn                   | AFPacketeth311            | 17418
tcp.synack                | AFPacketeth311            | 6179
tcp.rst                   | AFPacketeth311            | 4305
tcp.segment_memcap_drop   | AFPacketeth311            | 182102
tcp.stream_depth_reached  | AFPacketeth311            | 0
tcp.reassembly_memuse     | AFPacketeth311            | 17179919069
tcp.reassembly_gap        | AFPacketeth311            | 76
detect.alert              | AFPacketeth311            | 20
capture.kernel_packets    | AFPacketeth312            | 1837258
capture.kernel_drops      | AFPacketeth312            | 337180
decoder.pkts              | AFPacketeth312            | 1200080
decoder.bytes             | AFPacketeth312            | 993061333
decoder.ipv4              | AFPacketeth312            | 1202431
decoder.ipv6              | AFPacketeth312            | 45934
decoder.ethernet          | AFPacketeth312            | 1200080
decoder.raw               | AFPacketeth312            | 0
decoder.sll               | AFPacketeth312            | 0
decoder.tcp               | AFPacketeth312            | 523429
decoder.udp               | AFPacketeth312            | 693820
decoder.sctp              | AFPacketeth312            | 0
decoder.icmpv4            | AFPacketeth312            | 5025
decoder.icmpv6            | AFPacketeth312            | 1405
decoder.ppp               | AFPacketeth312            | 78
decoder.pppoe             | AFPacketeth312            | 0
decoder.gre               | AFPacketeth312            | 224
decoder.vlan              | AFPacketeth312            | 0
decoder.teredo            | AFPacketeth312            | 44775
decoder.ipv4_in_ipv6      | AFPacketeth312            | 0
decoder.ipv6_in_ipv6      | AFPacketeth312            | 0
decoder.avg_pkt_size      | AFPacketeth312            | 827
decoder.max_pkt_size      | AFPacketeth312            | 1514
defrag.ipv4.fragments     | AFPacketeth312            | 18641
defrag.ipv4.reassembled   | AFPacketeth312            | 2403
defrag.ipv4.timeouts      | AFPacketeth312            | 0
defrag.ipv6.fragments     | AFPacketeth312            | 1071
defrag.ipv6.reassembled   | AFPacketeth312            | 276
defrag.ipv6.timeouts      | AFPacketeth312            | 0
defrag.max_frag_hits      | AFPacketeth312            | 0
tcp.sessions              | AFPacketeth312            | 21769
tcp.ssn_memcap_drop       | AFPacketeth312            | 0
tcp.pseudo                | AFPacketeth312            | 310
tcp.invalid_checksum      | AFPacketeth312            | 0
tcp.no_flow               | AFPacketeth312            | 0
tcp.reused_ssn            | AFPacketeth312            | 4
tcp.memuse                | AFPacketeth312            | 48361232
tcp.syn                   | AFPacketeth312            | 17877
tcp.synack                | AFPacketeth312            | 6573
tcp.rst                   | AFPacketeth312            | 4039
tcp.segment_memcap_drop   | AFPacketeth312            | 147487
tcp.stream_depth_reached  | AFPacketeth312            | 0
tcp.reassembly_memuse     | AFPacketeth312            | 17179919069
tcp.reassembly_gap        | AFPacketeth312            | 84
detect.alert              | AFPacketeth312            | 21
capture.kernel_packets    | AFPacketeth313            | 1663576
capture.kernel_drops      | AFPacketeth313            | 193164
decoder.pkts              | AFPacketeth313            | 1200080
decoder.bytes             | AFPacketeth313            | 948928014
decoder.ipv4              | AFPacketeth313            | 1200957
decoder.ipv6              | AFPacketeth313            | 41593
decoder.ethernet          | AFPacketeth313            | 1200080
decoder.raw               | AFPacketeth313            | 0
decoder.sll               | AFPacketeth313            | 0
decoder.tcp               | AFPacketeth313            | 493694
decoder.udp               | AFPacketeth313            | 727511
decoder.sctp              | AFPacketeth313            | 0
decoder.icmpv4            | AFPacketeth313            | 5017
decoder.icmpv6            | AFPacketeth313            | 1770
decoder.ppp               | AFPacketeth313            | 206
decoder.pppoe             | AFPacketeth313            | 0
decoder.gre               | AFPacketeth313            | 401
decoder.vlan              | AFPacketeth313            | 0
decoder.teredo            | AFPacketeth313            | 40139
decoder.ipv4_in_ipv6      | AFPacketeth313            | 0
decoder.ipv6_in_ipv6      | AFPacketeth313            | 0
decoder.avg_pkt_size      | AFPacketeth313            | 791
decoder.max_pkt_size      | AFPacketeth313            | 1514
defrag.ipv4.fragments     | AFPacketeth313            | 5816
defrag.ipv4.reassembled   | AFPacketeth313            | 988
defrag.ipv4.timeouts      | AFPacketeth313            | 0
defrag.ipv6.fragments     | AFPacketeth313            | 731
defrag.ipv6.reassembled   | AFPacketeth313            | 155
defrag.ipv6.timeouts      | AFPacketeth313            | 0
defrag.max_frag_hits      | AFPacketeth313            | 0
tcp.sessions              | AFPacketeth313            | 24315
tcp.ssn_memcap_drop       | AFPacketeth313            | 0
tcp.pseudo                | AFPacketeth313            | 219
tcp.invalid_checksum      | AFPacketeth313            | 0
tcp.no_flow               | AFPacketeth313            | 0
tcp.reused_ssn            | AFPacketeth313            | 5
tcp.memuse                | AFPacketeth313            | 46880128
tcp.syn                   | AFPacketeth313            | 18398
tcp.synack                | AFPacketeth313            | 6756
tcp.rst                   | AFPacketeth313            | 4488
tcp.segment_memcap_drop   | AFPacketeth313            | 167025
tcp.stream_depth_reached  | AFPacketeth313            | 0
tcp.reassembly_memuse     | AFPacketeth313            | 17179895555
tcp.reassembly_gap        | AFPacketeth313            | 75
detect.alert              | AFPacketeth313            | 34
capture.kernel_packets    | AFPacketeth314            | 1688247
capture.kernel_drops      | AFPacketeth314            | 195062
decoder.pkts              | AFPacketeth314            | 1200080
decoder.bytes             | AFPacketeth314            | 894452492
decoder.ipv4              | AFPacketeth314            | 1201442
decoder.ipv6              | AFPacketeth314            | 42004
decoder.ethernet          | AFPacketeth314            | 1200080
decoder.raw               | AFPacketeth314            | 0
decoder.sll               | AFPacketeth314            | 0
decoder.tcp               | AFPacketeth314            | 522460
decoder.udp               | AFPacketeth314            | 692345
decoder.sctp              | AFPacketeth314            | 0
decoder.icmpv4            | AFPacketeth314            | 5399
decoder.icmpv6            | AFPacketeth314            | 1633
decoder.ppp               | AFPacketeth314            | 90
decoder.pppoe             | AFPacketeth314            | 0
decoder.gre               | AFPacketeth314            | 108
decoder.vlan              | AFPacketeth314            | 0
decoder.teredo            | AFPacketeth314            | 41000
decoder.ipv4_in_ipv6      | AFPacketeth314            | 0
decoder.ipv6_in_ipv6      | AFPacketeth314            | 0
decoder.avg_pkt_size      | AFPacketeth314            | 745
decoder.max_pkt_size      | AFPacketeth314            | 1514
defrag.ipv4.fragments     | AFPacketeth314            | 9789
defrag.ipv4.reassembled   | AFPacketeth314            | 1573
defrag.ipv4.timeouts      | AFPacketeth314            | 0
defrag.ipv6.fragments     | AFPacketeth314            | 62
defrag.ipv6.reassembled   | AFPacketeth314            | 20
defrag.ipv6.timeouts      | AFPacketeth314            | 0
defrag.max_frag_hits      | AFPacketeth314            | 0
tcp.sessions              | AFPacketeth314            | 23373
tcp.ssn_memcap_drop       | AFPacketeth314            | 0
tcp.pseudo                | AFPacketeth314            | 244
tcp.invalid_checksum      | AFPacketeth314            | 0
tcp.no_flow               | AFPacketeth314            | 0
tcp.reused_ssn            | AFPacketeth314            | 6
tcp.memuse                | AFPacketeth314            | 47438544
tcp.syn                   | AFPacketeth314            | 18697
tcp.synack                | AFPacketeth314            | 6580
tcp.rst                   | AFPacketeth314            | 4480
tcp.segment_memcap_drop   | AFPacketeth314            | 174897
tcp.stream_depth_reached  | AFPacketeth314            | 0
tcp.reassembly_memuse     | AFPacketeth314            | 17179919069
tcp.reassembly_gap        | AFPacketeth314            | 60
detect.alert              | AFPacketeth314            | 42
capture.kernel_packets    | AFPacketeth315            | 1470432
capture.kernel_drops      | AFPacketeth315            | 270269
decoder.pkts              | AFPacketeth315            | 900060
decoder.bytes             | AFPacketeth315            | 740984836
decoder.ipv4              | AFPacketeth315            | 900782
decoder.ipv6              | AFPacketeth315            | 56194
decoder.ethernet          | AFPacketeth315            | 900060
decoder.raw               | AFPacketeth315            | 0
decoder.sll               | AFPacketeth315            | 0
decoder.tcp               | AFPacketeth315            | 376876
decoder.udp               | AFPacketeth315            | 559290
decoder.sctp              | AFPacketeth315            | 0
decoder.icmpv4            | AFPacketeth315            | 3996
decoder.icmpv6            | AFPacketeth315            | 1148
decoder.ppp               | AFPacketeth315            | 286
decoder.pppoe             | AFPacketeth315            | 0
decoder.gre               | AFPacketeth315            | 304
decoder.vlan              | AFPacketeth315            | 0
decoder.teredo            | AFPacketeth315            | 54693
decoder.ipv4_in_ipv6      | AFPacketeth315            | 0
decoder.ipv6_in_ipv6      | AFPacketeth315            | 0
decoder.avg_pkt_size      | AFPacketeth315            | 823
decoder.max_pkt_size      | AFPacketeth315            | 1514
defrag.ipv4.fragments     | AFPacketeth315            | 4727
defrag.ipv4.reassembled   | AFPacketeth315            | 938
defrag.ipv4.timeouts      | AFPacketeth315            | 0
defrag.ipv6.fragments     | AFPacketeth315            | 2140
defrag.ipv6.reassembled   | AFPacketeth315            | 436
defrag.ipv6.timeouts      | AFPacketeth315            | 0
defrag.max_frag_hits      | AFPacketeth315            | 0
tcp.sessions              | AFPacketeth315            | 17349
tcp.ssn_memcap_drop       | AFPacketeth315            | 0
tcp.pseudo                | AFPacketeth315            | 236
tcp.invalid_checksum      | AFPacketeth315            | 0
tcp.no_flow               | AFPacketeth315            | 0
tcp.reused_ssn            | AFPacketeth315            | 1
tcp.memuse                | AFPacketeth315            | 41782016
tcp.syn                   | AFPacketeth315            | 13697
tcp.synack                | AFPacketeth315            | 4976
tcp.rst                   | AFPacketeth315            | 3158
tcp.segment_memcap_drop   | AFPacketeth315            | 127353
tcp.stream_depth_reached  | AFPacketeth315            | 0
tcp.reassembly_memuse     | AFPacketeth315            | 17179886925
tcp.reassembly_gap        | AFPacketeth315            | 60
detect.alert              | AFPacketeth315            | 28
capture.kernel_packets    | AFPacketeth316            | 1699110
capture.kernel_drops      | AFPacketeth316            | 198936
decoder.pkts              | AFPacketeth316            | 1200080
decoder.bytes             | AFPacketeth316            | 956429557
decoder.ipv4              | AFPacketeth316            | 1201584
decoder.ipv6              | AFPacketeth316            | 46715
decoder.ethernet          | AFPacketeth316            | 1200080
decoder.raw               | AFPacketeth316            | 0
decoder.sll               | AFPacketeth316            | 0
decoder.tcp               | AFPacketeth316            | 501282
decoder.udp               | AFPacketeth316            | 717693
decoder.sctp              | AFPacketeth316            | 0
decoder.icmpv4            | AFPacketeth316            | 4879
decoder.icmpv6            | AFPacketeth316            | 1726
decoder.ppp               | AFPacketeth316            | 1549
decoder.pppoe             | AFPacketeth316            | 0
decoder.gre               | AFPacketeth316            | 1569
decoder.vlan              | AFPacketeth316            | 0
decoder.teredo            | AFPacketeth316            | 44376
decoder.ipv4_in_ipv6      | AFPacketeth316            | 0
decoder.ipv6_in_ipv6      | AFPacketeth316            | 0
decoder.avg_pkt_size      | AFPacketeth316            | 797
decoder.max_pkt_size      | AFPacketeth316            | 1514
defrag.ipv4.fragments     | AFPacketeth316            | 8671
defrag.ipv4.reassembled   | AFPacketeth316            | 1669
defrag.ipv4.timeouts      | AFPacketeth316            | 0
defrag.ipv6.fragments     | AFPacketeth316            | 492
defrag.ipv6.reassembled   | AFPacketeth316            | 138
defrag.ipv6.timeouts      | AFPacketeth316            | 0
defrag.max_frag_hits      | AFPacketeth316            | 0
tcp.sessions              | AFPacketeth316            | 23569
tcp.ssn_memcap_drop       | AFPacketeth316            | 0
tcp.pseudo                | AFPacketeth316            | 205
tcp.invalid_checksum      | AFPacketeth316            | 0
tcp.no_flow               | AFPacketeth316            | 0
tcp.reused_ssn            | AFPacketeth316            | 9
tcp.memuse                | AFPacketeth316            | 46935856
tcp.syn                   | AFPacketeth316            | 17752
tcp.synack                | AFPacketeth316            | 6327
tcp.rst                   | AFPacketeth316            | 4089
tcp.segment_memcap_drop   | AFPacketeth316            | 146020
tcp.stream_depth_reached  | AFPacketeth316            | 0
tcp.reassembly_memuse     | AFPacketeth316            | 17179895555
tcp.reassembly_gap        | AFPacketeth316            | 67
detect.alert              | AFPacketeth316            | 27
flow_mgr.closed_pruned    | FlowManagerThread         | 21424
flow_mgr.new_pruned       | FlowManagerThread         | 575883
flow_mgr.est_pruned       | FlowManagerThread         | 86249
flow.memuse               | FlowManagerThread         | 445763472
flow.spare                | FlowManagerThread         | 1060211
flow.emerg_mode_entered   | FlowManagerThread         | 0
flow.emerg_mode_over      | FlowManagerThread         | 0
